2021-08-08 00:10:05,260 INFO c.e.i.IvaoMsV0Application-logStarting [main] Starting IvaoMsV0Application on PO709427VW10SC2 with PID 2892 (C:\DEV\Git\Perso\ivao-ms-v0\target\classes started by S058601 in C:\DEV\Git\Perso\ivao-ms-v0)
2021-08-08 00:10:05,311 DEBUG c.e.i.IvaoMsV0Application-logStarting [main] Running with Spring Boot v2.2.6.RELEASE, Spring v5.2.5.RELEASE
2021-08-08 00:10:05,314 INFO c.e.i.IvaoMsV0Application-logStartupProfileInfo [main] No active profile set, falling back to default profiles: default
2021-08-08 00:10:08,915 INFO c.e.i.IvaoMsV0Application-logStarted [main] Started IvaoMsV0Application in 4.683 seconds (JVM running for 9.407)
2021-08-08 00:12:32,606 INFO c.e.i.c.IvaoWeatherControler-getATCInfoByVid [http-nio-8082-exec-1] getATCInfoByVid start-658318
2021-08-08 00:12:35,026 INFO c.e.i.s.IvaoUtilService-getWhazuppFromJSON [http-nio-8082-exec-1] getWhazuppFromJSON - Start
2021-08-08 00:12:35,199 INFO c.e.i.s.IvaoUtilService-getWhazuppFromJSON [http-nio-8082-exec-1] getWhazuppFromJSON - End
2021-08-08 00:12:35,199 INFO c.e.i.c.IvaoWeatherControler-getATCInfoByVid [http-nio-8082-exec-1] getATCInfoByVid finish
2021-08-08 00:13:48,138 INFO c.e.i.c.IvaoWeatherControler-printStringPost [http-nio-8082-exec-3] printStringPost start-User id: 658318
Airport: undefined
Frequency: 121.73
ATIS: [object Object]
2021-08-08 00:14:03,636 INFO c.e.i.c.IvaoWeatherControler-printStringPost [http-nio-8082-exec-3] printStringPost finish
2021-08-08 10:43:57,857 INFO c.e.i.IvaoMsV0Application-logStarting [main] Starting IvaoMsV0Application on PO709427VW10SC2 with PID 8956 (C:\DEV\Git\Perso\ivao-ms-v0\target\classes started by S058601 in C:\DEV\Git\Perso\ivao-ms-v0)
2021-08-08 10:43:57,887 DEBUG c.e.i.IvaoMsV0Application-logStarting [main] Running with Spring Boot v2.2.6.RELEASE, Spring v5.2.5.RELEASE
2021-08-08 10:43:57,888 INFO c.e.i.IvaoMsV0Application-logStartupProfileInfo [main] No active profile set, falling back to default profiles: default
2021-08-08 10:44:01,620 INFO c.e.i.IvaoMsV0Application-logStarted [main] Started IvaoMsV0Application in 4.779 seconds (JVM running for 13.439)
2021-08-08 10:44:42,736 INFO c.e.i.c.IvaoWeatherControler-getATCInfoByVid [http-nio-8082-exec-1] getATCInfoByVid start-668897
2021-08-08 10:44:45,027 INFO c.e.i.s.IvaoUtilService-getWhazuppFromJSON [http-nio-8082-exec-1] getWhazuppFromJSON - Start
2021-08-08 10:44:45,178 INFO c.e.i.s.IvaoUtilService-getWhazuppFromJSON [http-nio-8082-exec-1] getWhazuppFromJSON - End
2021-08-08 10:44:45,178 INFO c.e.i.c.IvaoWeatherControler-getATCInfoByVid [http-nio-8082-exec-1] getATCInfoByVid finish
2021-08-08 10:46:16,865 INFO c.e.i.c.IvaoWeatherControler-getATCInfoByVid [http-nio-8082-exec-3] getATCInfoByVid start-668897
2021-08-08 10:46:18,115 INFO c.e.i.s.IvaoUtilService-getWhazuppFromJSON [http-nio-8082-exec-3] getWhazuppFromJSON - Start
2021-08-08 10:46:18,162 INFO c.e.i.s.IvaoUtilService-getWhazuppFromJSON [http-nio-8082-exec-3] getWhazuppFromJSON - End
2021-08-08 10:46:18,162 INFO c.e.i.c.IvaoWeatherControler-getATCInfoByVid [http-nio-8082-exec-3] getATCInfoByVid finish
2021-08-08 10:46:30,474 INFO c.e.i.c.IvaoWeatherControler-printStringPost [http-nio-8082-exec-4] printStringPost start-User id: 668897
Airport: undefined
Frequency: 121.8
ATIS: eu2.ts.ivao.aero/UWLL_GND,Ulyanovsk Ground,Information BRAVO  recorded at 0011z,CONFIRM ATIS INFO BRAVO  on initial contact / B / 2021-08-08T00:13:09.445Z
2021-08-08 10:46:38,506 INFO c.e.i.c.IvaoWeatherControler-printStringPost [http-nio-8082-exec-4] printStringPost finish
2021-08-08 10:50:08,109 INFO c.e.i.c.IvaoWeatherControler-getATCInfoByVid [http-nio-8082-exec-6] getATCInfoByVid start-668897
2021-08-08 10:50:09,628 INFO c.e.i.s.IvaoUtilService-getWhazuppFromJSON [http-nio-8082-exec-6] getWhazuppFromJSON - Start
2021-08-08 10:50:09,673 INFO c.e.i.s.IvaoUtilService-getWhazuppFromJSON [http-nio-8082-exec-6] getWhazuppFromJSON - End
2021-08-08 10:50:09,673 INFO c.e.i.c.IvaoWeatherControler-getATCInfoByVid [http-nio-8082-exec-6] getATCInfoByVid finish
2021-08-08 10:50:10,720 INFO c.e.i.c.IvaoWeatherControler-printStringPost [http-nio-8082-exec-7] printStringPost start-User id: 668897
Airport: undefined
Frequency: 121.8
ATIS: eu2.ts.ivao.aero/UWLL_GND,Ulyanovsk Ground,Information BRAVO  recorded at 0011z,CONFIRM ATIS INFO BRAVO  on initial contact / B / 2021-08-08T00:13:09.445Z
2021-08-08 10:50:18,436 INFO c.e.i.c.IvaoWeatherControler-printStringPost [http-nio-8082-exec-7] printStringPost finish
2021-08-08 10:52:02,581 INFO c.e.i.c.IvaoWeatherControler-getATCInfoByVid [http-nio-8082-exec-9] getATCInfoByVid start-668897
2021-08-08 10:52:04,310 INFO c.e.i.s.IvaoUtilService-getWhazuppFromJSON [http-nio-8082-exec-9] getWhazuppFromJSON - Start
2021-08-08 10:52:04,340 INFO c.e.i.s.IvaoUtilService-getWhazuppFromJSON [http-nio-8082-exec-9] getWhazuppFromJSON - End
2021-08-08 10:52:04,340 INFO c.e.i.c.IvaoWeatherControler-getATCInfoByVid [http-nio-8082-exec-9] getATCInfoByVid finish
2021-08-08 10:52:05,331 INFO c.e.i.c.IvaoWeatherControler-printStringPost [http-nio-8082-exec-10] printStringPost start-User id: 668897
Airport: undefined
Frequency: 121.8
ATIS: eu2.ts.ivao.aero/UWLL_GND,Ulyanovsk Ground,Information BRAVO  recorded at 0011z,CONFIRM ATIS INFO BRAVO  on initial contact / B / 2021-08-08T00:13:09.445Z
2021-08-08 10:52:12,212 INFO c.e.i.c.IvaoWeatherControler-printStringPost [http-nio-8082-exec-10] printStringPost finish
2021-08-08 10:55:48,593 INFO c.e.i.c.IvaoWeatherControler-getATCInfoByVid [http-nio-8082-exec-2] getATCInfoByVid start-668897
2021-08-08 10:55:50,449 INFO c.e.i.s.IvaoUtilService-getWhazuppFromJSON [http-nio-8082-exec-2] getWhazuppFromJSON - Start
2021-08-08 10:55:50,482 INFO c.e.i.s.IvaoUtilService-getWhazuppFromJSON [http-nio-8082-exec-2] getWhazuppFromJSON - End
2021-08-08 10:55:50,482 INFO c.e.i.c.IvaoWeatherControler-getATCInfoByVid [http-nio-8082-exec-2] getATCInfoByVid finish
2021-08-08 10:55:51,665 INFO c.e.i.c.IvaoWeatherControler-printStringPost [http-nio-8082-exec-3] printStringPost start-User id: 668897
Airport: undefined
Frequency: 121.8
ATIS: eu2.ts.ivao.aero/UWLL_GND,Ulyanovsk Ground,Information BRAVO  recorded at 0011z,CONFIRM ATIS INFO BRAVO  on initial contact / B / 2021-08-08T00:13:09.445Z
2021-08-08 10:55:59,899 INFO c.e.i.c.IvaoWeatherControler-printStringPost [http-nio-8082-exec-3] printStringPost finish
2021-08-08 10:56:43,913 INFO c.e.i.c.IvaoWeatherControler-printStringPost [http-nio-8082-exec-4] printStringPost start-User id: 668897
Airport: undefined
Frequency: 121.8
ATIS: eu2.ts.ivao.aero/UWLL_GND,Ulyanovsk Ground,Information BRAVO  recorded at 0011z,CONFIRM ATIS INFO BRAVO  on initial contact / B / 2021-08-08T00:13:09.445Z
2021-08-08 10:56:57,558 INFO c.e.i.c.IvaoWeatherControler-printStringPost [http-nio-8082-exec-4] printStringPost finish
2021-08-08 10:58:05,788 INFO c.e.i.c.IvaoWeatherControler-getATCInfoByVid [http-nio-8082-exec-6] getATCInfoByVid start-668897
2021-08-08 10:58:07,588 INFO c.e.i.s.IvaoUtilService-getWhazuppFromJSON [http-nio-8082-exec-6] getWhazuppFromJSON - Start
2021-08-08 10:58:07,603 INFO c.e.i.s.IvaoUtilService-getWhazuppFromJSON [http-nio-8082-exec-6] getWhazuppFromJSON - End
2021-08-08 10:58:07,603 INFO c.e.i.c.IvaoWeatherControler-getATCInfoByVid [http-nio-8082-exec-6] getATCInfoByVid finish
2021-08-08 10:58:10,990 INFO c.e.i.c.IvaoWeatherControler-getATCInfoByVid [http-nio-8082-exec-7] getATCInfoByVid start-668897
2021-08-08 10:58:12,122 INFO c.e.i.s.IvaoUtilService-getWhazuppFromJSON [http-nio-8082-exec-7] getWhazuppFromJSON - Start
2021-08-08 10:58:12,135 INFO c.e.i.s.IvaoUtilService-getWhazuppFromJSON [http-nio-8082-exec-7] getWhazuppFromJSON - End
2021-08-08 10:58:12,135 INFO c.e.i.c.IvaoWeatherControler-getATCInfoByVid [http-nio-8082-exec-7] getATCInfoByVid finish
2021-08-08 10:58:14,020 INFO c.e.i.c.IvaoWeatherControler-printStringPost [http-nio-8082-exec-8] printStringPost start-User id: 668897
Airport: undefined
Frequency: 121.8
ATIS: eu2.ts.ivao.aero/UWLL_GND,Ulyanovsk Ground,Information BRAVO  recorded at 0011z,CONFIRM ATIS INFO BRAVO  on initial contact / B / 2021-08-08T00:13:09.445Z
2021-08-08 10:58:22,570 INFO c.e.i.c.IvaoWeatherControler-printStringPost [http-nio-8082-exec-8] printStringPost finish
2021-08-08 10:58:30,357 INFO c.e.i.c.IvaoWeatherControler-getWeatherObsByAirportId [http-nio-8082-exec-9] getWeatherObsByAirportId start-LFPO
2021-08-08 10:58:30,358 INFO c.e.i.s.IvaoWeatherServiceImpl-getWeatherObsByAirport [http-nio-8082-exec-9] getWeatherObsByAirport start-LFPO
2021-08-08 10:58:30,374 INFO c.e.i.c.IvaoWeatherControler-getWeatherPrevByAirportId [http-nio-8082-exec-10] getWeatherPrevByAirportId start-LFPO
2021-08-08 10:58:30,375 INFO c.e.i.s.IvaoWeatherServiceImpl-getWeatherPrevByAirport [http-nio-8082-exec-10] getWeatherPrevByAirport start-LFPO
2021-08-08 10:58:32,886 INFO c.e.i.s.IvaoWeatherServiceImpl-getWeatherPrevByAirport [http-nio-8082-exec-10] getWeatherPrevByAirport Finish-LFPO
2021-08-08 10:58:32,886 INFO c.e.i.c.IvaoWeatherControler-getWeatherPrevByAirportId [http-nio-8082-exec-10] getWeatherPrevByAirportId finish
2021-08-08 10:58:32,901 INFO c.e.i.s.IvaoWeatherServiceImpl-getWeatherObsByAirport [http-nio-8082-exec-9] getWeatherObsByAirport Finish-LFPO
2021-08-08 10:58:32,901 INFO c.e.i.c.IvaoWeatherControler-getWeatherObsByAirportId [http-nio-8082-exec-9] getWeatherObsByAirportId finish
2021-08-08 10:58:34,480 INFO c.e.i.c.IvaoWeatherControler-printStringPost [http-nio-8082-exec-1] printStringPost start-LFPOLFPO 080830Z 22012KT 190V260 9999 BKN016 SCT022 16/13 Q1012 NOSIGLFPO 080500Z 0806/0912 22010KT 9999 BKN025 PROB30  TEMPO 0806/0808 SHRA BKN012 BKN020TCU  TEMPO 0808/0819 24015G25KT SHRA SCT025TCU PROB40  TEMPO 0809/0814 4000 SHRA SCT030CB PROB30  TEMPO 0812/0814 24015G35KT  TEMPO 0904/0909 -SHRA SCT012 BKN040 PROB30  TEMPO 0906/0908 BKN010 PROB40  TEMPO 0909/0912 SHRA BKN025TCU
2021-08-08 10:58:43,222 INFO c.e.i.c.IvaoWeatherControler-printStringPost [http-nio-8082-exec-1] printStringPost finish
2021-08-08 10:59:36,802 INFO c.e.i.c.IvaoWeatherControler-getATCInfoByVid [http-nio-8082-exec-3] getATCInfoByVid start-668897
2021-08-08 10:59:39,386 INFO c.e.i.s.IvaoUtilService-getWhazuppFromJSON [http-nio-8082-exec-3] getWhazuppFromJSON - Start
2021-08-08 10:59:39,401 INFO c.e.i.s.IvaoUtilService-getWhazuppFromJSON [http-nio-8082-exec-3] getWhazuppFromJSON - End
2021-08-08 10:59:39,417 INFO c.e.i.c.IvaoWeatherControler-getATCInfoByVid [http-nio-8082-exec-3] getATCInfoByVid finish
2021-08-08 10:59:41,906 INFO c.e.i.c.IvaoWeatherControler-printStringPost [http-nio-8082-exec-4] printStringPost start-User id: 668897
Airport: undefined
Frequency: 121.8
ATIS: eu2.ts.ivao.aero/UWLL_GND,Ulyanovsk Ground,Information BRAVO  recorded at 0011z,CONFIRM ATIS INFO BRAVO  on initial contact / B / 2021-08-08T00:13:09.445Z
2021-08-08 10:59:51,550 INFO c.e.i.c.IvaoWeatherControler-printStringPost [http-nio-8082-exec-4] printStringPost finish
2021-08-08 11:01:20,369 INFO c.e.i.c.IvaoWeatherControler-getATCInfoByVid [http-nio-8082-exec-6] getATCInfoByVid start-268958
2021-08-08 11:01:22,949 INFO c.e.i.s.IvaoUtilService-getWhazuppFromJSON [http-nio-8082-exec-6] getWhazuppFromJSON - Start
2021-08-08 11:01:22,986 INFO c.e.i.s.IvaoUtilService-getWhazuppFromJSON [http-nio-8082-exec-6] getWhazuppFromJSON - End
2021-08-08 11:01:22,986 INFO c.e.i.c.IvaoWeatherControler-getATCInfoByVid [http-nio-8082-exec-6] getATCInfoByVid finish
2021-08-08 11:01:31,086 INFO c.e.i.c.IvaoWeatherControler-printStringPost [http-nio-8082-exec-7] printStringPost start-User id: 268958
Airport: undefined
Frequency: 118.2
ATIS: eu17.ts.ivao.aero/RJAA_TWR,Narita Tower,Information ALPHA  recorded at 0900z,NFFN 080800Z 06005KT 9999 FEW030 24/19 Q1016 NOSIG,ARR RWY 20 / DEP RWY 20 / TRL FL130 / TA 11000ft,RMK ||| NFFN dep/arr rwy02 / NFNA dep/arr rwy10 / NVVV dep/arr rwy11 / NWWW dep/arr rwy11 || RMK/ CHARTS ARE MANDATORY ||,CONFIRM ATIS INFO ALPHA  on initial contact,CPDLC ID NFFF / A / 2021-08-08T09:00:48.581Z
2021-08-08 11:01:49,808 INFO c.e.i.c.IvaoWeatherControler-printStringPost [http-nio-8082-exec-7] printStringPost finish
2021-08-08 11:02:18,751 INFO c.e.i.c.IvaoWeatherControler-getPilotInfoByVid [http-nio-8082-exec-8] getPilotInfoByVid start-451984
2021-08-08 11:02:20,968 INFO c.e.i.s.IvaoUtilService-getWhazuppFromJSON [http-nio-8082-exec-8] getWhazuppFromJSON - Start
2021-08-08 11:02:20,999 INFO c.e.i.s.IvaoUtilService-getWhazuppFromJSON [http-nio-8082-exec-8] getWhazuppFromJSON - End
2021-08-08 11:02:20,999 INFO c.e.i.c.IvaoWeatherControler-getPilotInfoByVid [http-nio-8082-exec-8] getPilotInfoByVid finish
2021-08-08 11:02:23,846 INFO c.e.i.c.IvaoWeatherControler-printStringPost [http-nio-8082-exec-10] printStringPost start-User id: 451984
Airport: undefined
Departure Aerodrome: KLAX
Cruising Level: F380
Destination Aerodrome: NTAA
Departure Time: 33600
Route: TRTON2 FICKY G575 APIDD/N0479F400 G575 ORARE DCT ASOKI ASOKI3V
Person On Board: 138
On Ground: true
FOB: 
ZFW: 
TOW: 
Pax Number: 

2021-08-08 11:02:36,654 INFO c.e.i.c.IvaoWeatherControler-printStringPost [http-nio-8082-exec-10] printStringPost finish
2021-08-08 11:50:49,225 INFO c.e.i.c.IvaoWeatherControler-getWeatherObsByAirportId [http-nio-8082-exec-1] getWeatherObsByAirportId start-LFPG
2021-08-08 11:50:49,227 INFO c.e.i.s.IvaoWeatherServiceImpl-getWeatherObsByAirport [http-nio-8082-exec-1] getWeatherObsByAirport start-LFPG
2021-08-08 11:50:49,228 INFO c.e.i.c.IvaoWeatherControler-getWeatherPrevByAirportId [http-nio-8082-exec-2] getWeatherPrevByAirportId start-LFPG
2021-08-08 11:50:49,232 INFO c.e.i.s.IvaoWeatherServiceImpl-getWeatherPrevByAirport [http-nio-8082-exec-2] getWeatherPrevByAirport start-LFPG
2021-08-08 11:50:50,768 INFO c.e.i.s.IvaoWeatherServiceImpl-getWeatherObsByAirport [http-nio-8082-exec-1] getWeatherObsByAirport Finish-LFPG
2021-08-08 11:50:50,768 INFO c.e.i.c.IvaoWeatherControler-getWeatherObsByAirportId [http-nio-8082-exec-1] getWeatherObsByAirportId finish
2021-08-08 11:50:50,778 INFO c.e.i.s.IvaoWeatherServiceImpl-getWeatherPrevByAirport [http-nio-8082-exec-2] getWeatherPrevByAirport Finish-LFPG
2021-08-08 11:50:50,779 INFO c.e.i.c.IvaoWeatherControler-getWeatherPrevByAirportId [http-nio-8082-exec-2] getWeatherPrevByAirportId finish
2021-08-08 11:59:52,255 INFO c.e.i.c.IvaoWeatherControler-getPilotInfoByVid [http-nio-8082-exec-10] getPilotInfoByVid start-451984
2021-08-08 11:59:54,322 INFO c.e.i.s.IvaoUtilService-getWhazuppFromJSON [http-nio-8082-exec-10] getWhazuppFromJSON - Start
2021-08-08 11:59:54,354 INFO c.e.i.s.IvaoUtilService-getWhazuppFromJSON [http-nio-8082-exec-10] getWhazuppFromJSON - End
2021-08-08 11:59:54,354 INFO c.e.i.c.IvaoWeatherControler-getPilotInfoByVid [http-nio-8082-exec-10] getPilotInfoByVid finish
2021-08-08 12:02:56,675 INFO c.e.i.c.IvaoWeatherControler-getATCInfoByVid [http-nio-8082-exec-1] getATCInfoByVid start-668897
2021-08-08 12:02:59,696 INFO c.e.i.s.IvaoUtilService-getWhazuppFromJSON [http-nio-8082-exec-1] getWhazuppFromJSON - Start
2021-08-08 12:02:59,729 INFO c.e.i.s.IvaoUtilService-getWhazuppFromJSON [http-nio-8082-exec-1] getWhazuppFromJSON - End
2021-08-08 12:02:59,729 INFO c.e.i.c.IvaoWeatherControler-getATCInfoByVid [http-nio-8082-exec-1] getATCInfoByVid finish
2021-08-08 12:03:09,252 INFO c.e.i.c.IvaoWeatherControler-getPilotInfoByVid [http-nio-8082-exec-2] getPilotInfoByVid start-668897
2021-08-08 12:03:12,294 INFO c.e.i.s.IvaoUtilService-getWhazuppFromJSON [http-nio-8082-exec-2] getWhazuppFromJSON - Start
2021-08-08 12:03:12,326 INFO c.e.i.s.IvaoUtilService-getWhazuppFromJSON [http-nio-8082-exec-2] getWhazuppFromJSON - End
2021-08-08 12:03:12,326 WARN c.e.i.c.IvaoWeatherControler-getPilotInfoByVid [http-nio-8082-exec-2] The vid 668897 does not exist or is not a pilot
2021-08-08 12:03:12,326 ERROR c.e.i.c.e.VidNotFoundException-<init> [http-nio-8082-exec-2] The vid 668897 does not exist  or is not a pilot"
2021-08-08 12:19:32,483 INFO c.e.i.IvaoMsV0Application-logStarting [main] Starting IvaoMsV0Application on PO709427VW10SC2 with PID 9128 (C:\DEV\Git\Perso\ivao-ms-v0\target\classes started by S058601 in C:\DEV\Git\Perso\ivao-ms-v0)
2021-08-08 12:19:32,498 DEBUG c.e.i.IvaoMsV0Application-logStarting [main] Running with Spring Boot v2.2.6.RELEASE, Spring v5.2.5.RELEASE
2021-08-08 12:19:32,498 INFO c.e.i.IvaoMsV0Application-logStartupProfileInfo [main] No active profile set, falling back to default profiles: default
2021-08-08 12:19:34,405 INFO c.e.i.IvaoMsV0Application-logStarted [main] Started IvaoMsV0Application in 2.342 seconds (JVM running for 9.111)
2021-08-08 12:22:07,979 INFO c.e.i.c.IvaoWeatherControler-getWeatherObsByAirportId [http-nio-8082-exec-1] getWeatherObsByAirportId start-LFPG
2021-08-08 12:22:07,979 INFO c.e.i.c.IvaoWeatherControler-getWeatherPrevByAirportId [http-nio-8082-exec-2] getWeatherPrevByAirportId start-LFPG
2021-08-08 12:22:07,979 INFO c.e.i.s.IvaoWeatherServiceImpl-getWeatherPrevByAirport [http-nio-8082-exec-2] getWeatherPrevByAirport start-LFPG
2021-08-08 12:22:07,979 INFO c.e.i.s.IvaoWeatherServiceImpl-getWeatherObsByAirport [http-nio-8082-exec-1] getWeatherObsByAirport start-LFPG
2021-08-08 12:22:09,899 INFO c.e.i.s.IvaoWeatherServiceImpl-getWeatherPrevByAirport [http-nio-8082-exec-2] getWeatherPrevByAirport Finish-LFPG
2021-08-08 12:22:09,899 INFO c.e.i.c.IvaoWeatherControler-getWeatherPrevByAirportId [http-nio-8082-exec-2] getWeatherPrevByAirportId finish
2021-08-08 12:22:10,008 INFO c.e.i.s.IvaoWeatherServiceImpl-getWeatherObsByAirport [http-nio-8082-exec-1] getWeatherObsByAirport Finish-LFPG
2021-08-08 12:22:10,008 INFO c.e.i.c.IvaoWeatherControler-getWeatherObsByAirportId [http-nio-8082-exec-1] getWeatherObsByAirportId finish
2021-08-08 12:22:36,374 INFO c.e.i.c.IvaoWeatherControler-printStringPost [http-nio-8082-exec-3] printStringPost start-LFPGLFPG 081000Z 22015KT 9999 BKN028 SCT040 17/10 Q1012 NOSIGLFPG 080500Z 0806/0912 24012KT 9999 BKN016 TX21/0815Z TN14/0806Z  TEMPO 0806/0807 BKN012 PROB40  TEMPO 0809/0818 24015G25KT SCT020TCU PROB30  TEMPO 0809/0818 4000 SHRA FEW020CB BKN030 PROB30  TEMPO 0910/0912 SCT020TCU
2021-08-08 12:22:51,618 INFO c.e.i.c.IvaoWeatherControler-printStringPost [http-nio-8082-exec-3] printStringPost finish
2021-08-08 12:23:54,899 INFO c.e.i.c.IvaoWeatherControler-getPilotInfoByVid [http-nio-8082-exec-6] getPilotInfoByVid start-451984
2021-08-08 12:23:57,915 INFO c.e.i.s.IvaoUtilService-getWhazuppFromJSON [http-nio-8082-exec-6] getWhazuppFromJSON - Start
2021-08-08 12:23:58,054 INFO c.e.i.s.IvaoUtilService-getWhazuppFromJSON [http-nio-8082-exec-6] getWhazuppFromJSON - End
2021-08-08 12:23:58,069 INFO c.e.i.c.IvaoWeatherControler-getPilotInfoByVid [http-nio-8082-exec-6] getPilotInfoByVid finish
2021-08-08 12:25:18,543 INFO c.e.i.c.IvaoWeatherControler-printStringPost [http-nio-8082-exec-8] printStringPost start-User id: 451984
Airport: undefined
Departure Aerodrome: KLAX
Cruising Level: F380
Destination Aerodrome: NTAA
Departure Time: 33600
Route: TRTON2 FICKY G575 APIDD/N0479F400 G575 ORARE DCT ASOKI ASOKI3V
Person On Board: 138
On Ground: false
FOB: 123
ZFW: 234234
TOW: SERZER
Pax Number: 

2021-08-08 12:25:27,382 INFO c.e.i.c.IvaoWeatherControler-printStringPost [http-nio-8082-exec-8] printStringPost finish
2021-08-08 12:25:56,179 INFO c.e.i.c.IvaoWeatherControler-getATCInfoByVid [http-nio-8082-exec-9] getATCInfoByVid start-668897
2021-08-08 12:25:59,711 INFO c.e.i.s.IvaoUtilService-getWhazuppFromJSON [http-nio-8082-exec-9] getWhazuppFromJSON - Start
2021-08-08 12:25:59,757 INFO c.e.i.s.IvaoUtilService-getWhazuppFromJSON [http-nio-8082-exec-9] getWhazuppFromJSON - End
2021-08-08 12:25:59,757 INFO c.e.i.c.IvaoWeatherControler-getATCInfoByVid [http-nio-8082-exec-9] getATCInfoByVid finish
2021-08-08 12:28:03,882 INFO c.e.i.c.IvaoWeatherControler-getATCInfoByVid [http-nio-8082-exec-2] getATCInfoByVid start-668897
2021-08-08 12:28:05,757 INFO c.e.i.s.IvaoUtilService-getWhazuppFromJSON [http-nio-8082-exec-2] getWhazuppFromJSON - Start
2021-08-08 12:28:05,788 INFO c.e.i.s.IvaoUtilService-getWhazuppFromJSON [http-nio-8082-exec-2] getWhazuppFromJSON - End
2021-08-08 12:28:05,788 INFO c.e.i.c.IvaoWeatherControler-getATCInfoByVid [http-nio-8082-exec-2] getATCInfoByVid finish
